============================= test session starts =============================
platform win32 -- Python 3.12.10, pytest-9.0.3, pluggy-1.6.0 -- C:\Users\nosom\Desktop\nm_suite\.venv\Scripts\python.exe
cachedir: .pytest_cache
PyQt6 6.11.0 -- Qt runtime 6.11.1 -- Qt compiled 6.11.0
rootdir: C:\Users\nosom\Desktop\nm_suite
configfile: pyproject.toml
testpaths: tests
plugins: anyio-4.13.0, qt-4.5.0
collecting ... collected 315 items

tests/test_actividades_visual_contract.py::test_actividad_card_actions_and_done_badge_match_mockup PASSED [  0%]
tests/test_actividades_visual_contract.py::test_actividades_filters_are_mockup_fchips_and_count_is_visible PASSED [  0%]
tests/test_actividades_visual_contract.py::test_actividades_card_title_is_serif PASSED [  0%]
tests/test_actividades_visual_contract.py::test_actividades_filter_header_title_is_serif PASSED [  1%]
tests/test_animo_visual_contract.py::test_animo_slider_score_is_serif_in_both_states PASSED [  1%]
tests/test_animo_visual_contract.py::test_animo_slider_card_matches_mockup_initial_and_touched_states PASSED [  1%]
tests/test_animo_visual_contract.py::test_animo_save_toast_copy_matches_mockup PASSED [  2%]
tests/test_assets.py::TestConstantesAssets::test_constantes_definidas PASSED [  2%]
tests/test_assets.py::TestConstantesAssets::test_constantes_no_vacias PASSED [  2%]
tests/test_assets.py::TestObtenerRutaAsset::test_devuelve_string PASSED  [  3%]
tests/test_assets.py::TestObtenerRutaAsset::test_asset_inexistente_devuelve_ruta PASSED [  3%]
tests/test_assets.py::TestObtenerRutaAsset::test_frozen_flag_off PASSED  [  3%]
tests/test_avisos_visual_contract.py::test_avisos_row_badge_and_complete_button_match_mockup PASSED [  4%]
tests/test_avisos_visual_contract.py::test_avisos_filters_and_search_are_visible_and_drive_state PASSED [  4%]
tests/test_build.py::TestLooksLikeServiceRoleKey::test_service_role_detectado PASSED [  4%]
tests/test_build.py::TestLooksLikeServiceRoleKey::test_anon_no_es_service_role PASSED [  5%]
tests/test_build.py::TestLooksLikeServiceRoleKey::test_payload_sin_role PASSED [  5%]
tests/test_build.py::TestLooksLikeServiceRoleKey::test_vacio PASSED      [  5%]
tests/test_build.py::TestLooksLikeServiceRoleKey::test_no_jwt_string_normal PASSED [  6%]
tests/test_build.py::TestLooksLikeServiceRoleKey::test_no_jwt_partes_insuficientes PASSED [  6%]
tests/test_build.py::TestLooksLikeServiceRoleKey::test_jwt_malformado PASSED [  6%]
tests/test_build.py::TestLooksLikeServiceRoleKey::test_con_whitespace PASSED [  6%]
tests/test_build.py::TestLooksLikeServiceRoleKey::test_con_comillas PASSED [  7%]
tests/test_build.py::TestValidateRuntimeEnvValues::test_acepta_url_y_anon_key PASSED [  7%]
tests/test_build.py::TestValidateRuntimeEnvValues::test_rechaza_runtime_env_incompleto_o_url_invalida[values0-SUPABASE_URL] PASSED [  7%]
tests/test_build.py::TestValidateRuntimeEnvValues::test_rechaza_runtime_env_incompleto_o_url_invalida[values1-SUPABASE_KEY] PASSED [  8%]
tests/test_build.py::TestValidateRuntimeEnvValues::test_rechaza_runtime_env_incompleto_o_url_invalida[values2-http://] PASSED [  8%]
tests/test_build.py::TestValidateRuntimeEnvValues::test_rechaza_service_role_runtime PASSED [  8%]
tests/test_build.py::TestValidateRuntimeEnvValues::test_acepta_service_role_solo_para_hub PASSED [  9%]
tests/test_build.py::TestValidateRuntimeEnvValues::test_rechaza_hub_key_no_service_role PASSED [  9%]
tests/test_build.py::TestValidateRuntimeEnvValues::test_rechaza_saltos_de_linea_en_runtime_env[values0] PASSED [  9%]
tests/test_build.py::TestValidateRuntimeEnvValues::test_rechaza_saltos_de_linea_en_runtime_env[values1] PASSED [ 10%]
tests/test_build.py::TestValidateRuntimeEnvValues::test_rechaza_saltos_de_linea_en_runtime_env[values2] PASSED [ 10%]
tests/test_build.py::TestResolveSupabaseRuntimeKeys::test_separa_suite_anon_y_hub_service_role PASSED [ 10%]
tests/test_capture_v8_evidence.py::test_blank_png_invalidated PASSED     [ 11%]
tests/test_capture_v8_evidence.py::test_flat_png_invalidated PASSED      [ 11%]
tests/test_capture_v8_evidence.py::test_corrupt_png_invalidated PASSED   [ 11%]
tests/test_capture_v8_evidence.py::test_content_rich_png_stays_valid PASSED [ 12%]
tests/test_capture_v8_evidence.py::test_capture_v8_clean_only_without_targets PASSED [ 12%]
tests/test_capture_v8_evidence.py::test_capture_v8_clean_with_all_still_captures PASSED [ 12%]
tests/test_capture_v8_evidence.py::test_phase0_required_recipes_are_registered PASSED [ 13%]
tests/test_capture_v8_evidence.py::test_capture_matrix_rows_include_phase0_columns PASSED [ 13%]
tests/test_component_import_boundaries.py::test_component_leaf_modules_do_not_import_public_or_compat_facades PASSED [ 13%]
tests/test_component_import_boundaries.py::test_internal_code_does_not_import_compat_components_qt_facade PASSED [ 13%]
tests/test_component_visual_contract.py::test_button_primitive_uses_mockup_control_height PASSED [ 14%]
tests/test_component_visual_contract.py::test_button_primitive_supports_mockup_soft_variant PASSED [ 14%]
tests/test_component_visual_contract.py::test_button_press_animation_does_not_mutate_layout_geometry PASSED [ 14%]
tests/test_component_visual_contract.py::test_button_keeps_contract_height_under_global_pushbutton_qss PASSED [ 15%]
tests/test_component_visual_contract.py::test_play_button_keeps_contract_size_under_global_pushbutton_qss PASSED [ 15%]
tests/test_component_visual_contract.py::test_tabs_pill_paints_container_with_soft_selected_state PASSED [ 15%]
tests/test_component_visual_contract.py::test_tabs_variants_have_role_specific_density_and_selection PASSED [ 16%]
tests/test_component_visual_contract.py::test_badge_primitive_supports_mockup_tones PASSED [ 16%]
tests/test_component_visual_contract.py::test_input_focus_uses_mockup_brand_line_and_soft_halo PASSED [ 16%]
tests/test_component_visual_contract.py::test_search_input_children_stay_inside_mockup_control_height PASSED [ 17%]
tests/test_component_visual_contract.py::test_card_hover_border_uses_brand_line PASSED [ 17%]
tests/test_component_visual_contract.py::test_card_primitive_matches_mockup_radius_and_padding_contract PASSED [ 17%]
tests/test_component_visual_contract.py::test_card_primitive_normalizes_direct_layout_padding PASSED [ 18%]
tests/test_component_visual_contract.py::test_mood_slider_internal_uses_shared_mockup_slider_qss PASSED [ 18%]
tests/test_component_visual_contract.py::test_v3_mood_slider_thumb_uses_mockup_brand_contract PASSED [ 18%]
tests/test_component_visual_contract.py::test_routine_checkbox_matches_mockup_rt_cb_contract PASSED [ 19%]
tests/test_component_visual_contract.py::test_stepper_matches_mockup_line_and_dot_contract PASSED [ 19%]
tests/test_component_visual_contract.py::test_stepper_done_active_states_tcc_contract PASSED [ 19%]
tests/test_component_visual_contract.py::test_empty_state_matches_mockup_icon_and_title_contract PASSED [ 20%]
tests/test_component_visual_contract.py::test_toast_matches_mockup_pill_contract PASSED [ 20%]
tests/test_component_visual_contract.py::test_dialog_matches_mockup_modal_contract PASSED [ 20%]
tests/test_component_visual_contract.py::test_toast_show_toast_makes_it_visible_with_opacity PASSED [ 20%]
tests/test_component_visual_contract.py::test_dialog_show_centered_then_close_lifecycle PASSED [ 21%]
tests/test_component_visual_contract.py::test_card_hover_lift_matches_mockup PASSED [ 21%]
tests/test_component_visual_contract.py::test_card_non_clickable_does_not_lift PASSED [ 21%]
tests/test_component_visual_contract.py::test_module_ring_matches_mockup_conic_contract PASSED [ 22%]
tests/test_component_visual_contract.py::test_play_button_matches_mockup_ctl_contract PASSED [ 22%]
tests/test_component_visual_contract.py::test_window_chrome_matches_mockup_titlebar_contract PASSED [ 22%]
tests/test_component_visual_contract.py::test_patient_row_premium_matches_mockup_prow_contract PASSED [ 23%]
tests/test_component_visual_contract.py::test_dbt_cards_match_mockup_family_bar_contract PASSED [ 23%]
tests/test_component_visual_contract.py::test_dbt_modal_hides_background_controls_until_closed PASSED [ 23%]
tests/test_components_public_api.py::test_public_component_contract_matches_real_consumers PASSED [ 24%]
tests/test_components_public_api.py::test_public_component_symbols_are_reexported_from_both_paths PASSED [ 24%]
tests/test_components_public_api.py::test_theme_manager_reexports_keep_singleton_identity PASSED [ 24%]
tests/test_components_public_api.py::test_theme_manager_has_no_component_or_qt_adapter_dependencies PASSED [ 25%]
tests/test_components_public_api.py::test_layout_module_does_not_import_component_facades_or_theme_adapters PASSED [ 25%]
tests/test_components_public_api.py::test_elided_label_leaf_export_keeps_identity_from_all_paths PASSED [ 25%]
tests/test_components_public_api.py::test_moved_component_exports_keep_identity_from_all_paths PASSED [ 26%]
tests/test_config.py::TestGet::test_env_var_prioridad PASSED             [ 26%]
tests/test_config.py::TestGet::test_default_cuando_falta PASSED          [ 26%]
tests/test_config.py::TestGet::test_default_cuando_vacio PASSED          [ 26%]
tests/test_config.py::TestSupabaseAccessors::test_supabase_url_no_explota PASSED [ 27%]
tests/test_config.py::TestSupabaseAccessors::test_supabase_key_no_explota PASSED [ 27%]
tests/test_config.py::TestSupabaseAccessors::test_suite_key_prefiere_anon_sobre_service_role PASSED [ 27%]
tests/test_config.py::TestSupabaseAccessors::test_hub_key_prefiere_clave_operativa PASSED [ 28%]
tests/test_config.py::TestSupabaseAccessors::test_hub_key_fallback_a_anon PASSED [ 28%]
tests/test_config.py::TestEnvCandidates::test_devuelve_lista PASSED      [ 28%]
tests/test_config.py::TestEnvCandidates::test_elementos_son_paths PASSED [ 29%]
tests/test_dbt_module.py::test_dbt_table_idempotent PASSED               [ 29%]
tests/test_dbt_module.py::test_dbt_table_idempotence_preserves_data PASSED [ 29%]
tests/test_dbt_module.py::test_dbt_constraints PASSED                    [ 30%]
tests/test_dbt_module.py::test_dbt_valid_constraints PASSED              [ 30%]
tests/test_dbt_module.py::test_dbt_null_scales PASSED                    [ 30%]
tests/test_dbt_module.py::test_dbt_save_null_flow PASSED                 [ 31%]
tests/test_dbt_module.py::test_dbt_cancel_does_not_insert PASSED         [ 31%]
tests/test_dbt_module.py::test_dbt_get_card_status PASSED                [ 31%]
tests/test_dbt_module.py::test_dbt_get_card_status_weekly PASSED         [ 32%]
tests/test_dbt_module.py::test_dbt_reopen_module_retains_records PASSED  [ 32%]
tests/test_dbt_module.py::test_exportar_dbt_practicas PASSED             [ 32%]
tests/test_dbt_module.py::test_hub_exportar_pdf_integration PASSED       [ 33%]
tests/test_dbt_module.py::test_dbt_module_apply_theme_scroll_bars PASSED [ 33%]
tests/test_dbt_module.py::test_dbt_custom_widgets_behaviors PASSED       [ 33%]
tests/test_dbt_visual_contract.py::test_dbt_tabs_remove_history_from_ui_v2 PASSED [ 33%]
tests/test_dbt_visual_contract.py::test_dbt_stop_practice_uses_modal_stepper_contract PASSED [ 34%]
tests/test_dbt_visual_contract.py::test_dbt_step_title_uses_serif_font PASSED [ 34%]
tests/test_dbt_visual_contract.py::test_dbt_need_card_title_uses_serif_font PASSED [ 34%]
tests/test_dbt_visual_contract.py::test_dbt_skill_card_title_uses_serif_font PASSED [ 35%]
tests/test_fase9_10_regressions.py::test_respiracion_sin_bpm_biometrico_simulado PASSED [ 35%]
tests/test_fase9_10_regressions.py::test_actividades_hice_jerarquia_equivalente PASSED [ 35%]
tests/test_fase9_10_regressions.py::test_avisos_sin_duplicacion_completado_hecho PASSED [ 36%]
tests/test_fase9_10_regressions.py::test_tcc_anterior_secondary_y_guardado_real_seam PASSED [ 36%]
tests/test_fonts.py::TestFontAssets::test_mockup_font_assets_are_bundled PASSED [ 36%]
tests/test_fonts.py::TestConstantesFonts::test_fallbacks_definidos PASSED [ 37%]
tests/test_fonts.py::TestLoadFonts::test_no_explota_sin_qapplication PASSED [ 37%]
tests/test_fonts.py::TestLoadFonts::test_idempotente PASSED              [ 37%]
tests/test_fonts.py::TestFontSummary::test_devuelve_string_no_vacio PASSED [ 38%]
tests/test_fonts.py::TestFontSummary::test_contiene_nombres_familias PASSED [ 38%]
tests/test_fonts.py::TestAvailableFamilies::test_devuelve_lista PASSED   [ 38%]
tests/test_fonts.py::TestAvailableFamilies::test_no_explota PASSED       [ 39%]
tests/test_fonts.py::TestFontsDirs::test_devuelve_lista_no_vacia PASSED  [ 39%]
tests/test_fonts.py::TestFontsDirs::test_todas_son_strings PASSED        [ 39%]
tests/test_global_texts_integration.py::test_global_texts_dirty_row_matches_mockup_visual_state PASSED [ 40%]
tests/test_global_texts_integration.py::test_global_texts_offscreen_rows_do_not_expose_controls PASSED [ 40%]
tests/test_global_texts_integration.py::test_global_texts_hub_sync_suite_real_screens[Home-text.home.module.timer.card_title-Timer Fase 5-_home_timer_title] PASSED [ 40%]
tests/test_global_texts_integration.py::test_global_texts_hub_sync_suite_real_screens[Onboarding-text.onboarding.name_placeholder-Nombre visible F5-_onboarding_name_placeholder] PASSED [ 40%]
tests/test_global_texts_integration.py::test_global_texts_hub_sync_suite_real_screens[Temporizador-text.module.timer.empty_title-Timer sin asignacion F5-_timer_empty_title] PASSED [ 41%]
tests/test_global_texts_integration.py::test_global_texts_hub_sync_suite_real_screens[Rutina-text.module.rutina.empty_title-Rutina sin asignacion F5-_rutina_empty_title] PASSED [ 41%]
tests/test_global_texts_integration.py::test_global_texts_hub_sync_suite_real_screens[TCC-text.module.registro.next_btn-Continuar F5-_tcc_next_button] PASSED [ 41%]
tests/test_home_visual_contract.py::test_home_hero_empty_state_does_not_revive_removed_cta PASSED [ 42%]
tests/test_home_visual_contract.py::test_home_hero_filled_state_matches_mockup_score_and_delta PASSED [ 42%]
tests/test_home_visual_contract.py::test_home_view_vertical_rhythm_matches_mockup PASSED [ 42%]
tests/test_home_visual_contract.py::test_home_module_card_matches_mockup_badge_contract PASSED [ 43%]
tests/test_home_visual_contract.py::test_visual_qa_home_statuses_match_mockup PASSED [ 43%]
tests/test_home_visual_contract.py::test_home_module_card_title_uses_serif_font PASSED [ 43%]
tests/test_home_visual_contract.py::test_home_grid_is_4_columns_at_960px PASSED [ 44%]
tests/test_hub_visual_contract.py::test_hub_pacientes_list_title_is_serif PASSED [ 44%]
tests/test_hub_visual_contract.py::test_hub_pacientes_badge_tone_is_info PASSED [ 44%]
tests/test_hub_visual_contract.py::test_hub_detalle_patient_name_is_serif PASSED [ 45%]
tests/test_hub_visual_contract.py::test_hub_detalle_avatar_is_52px_r15 PASSED [ 45%]
tests/test_hub_visual_contract.py::test_hub_detalle_plan_tabs_match_mockup PASSED [ 45%]
tests/test_hub_visual_contract.py::test_hub_activacion_empty_state_is_calm_text_only PASSED [ 46%]
tests/test_hub_visual_contract.py::test_hub_config_textos_title_is_serif PASSED [ 46%]
tests/test_hub_visual_contract.py::test_hub_config_textos_save_starts_disabled PASSED [ 46%]
tests/test_hub_visual_contract.py::test_hub_config_textos_has_search_and_filter PASSED [ 46%]
tests/test_hub_visual_contract.py::test_hub_resumen_ia_uses_nm_dialog_overlay PASSED [ 47%]
tests/test_icons_svg.py::test_mockup_icon_set_is_available_and_exact PASSED [ 47%]
tests/test_icons_svg.py::test_mockup_icons_render_to_pixmap PASSED       [ 47%]
tests/test_no_legacy_text_override_system.py::test_legacy_hash_text_override_system_removed_from_live_code PASSED [ 48%]
tests/test_no_legacy_visuals.py::test_design_token_helpers_read_the_runtime_catalog PASSED [ 48%]
tests/test_no_legacy_visuals.py::test_runtime_visual_tokens_do_not_lock_old_adn_values PASSED [ 48%]
tests/test_no_legacy_visuals.py::test_removed_component_metadata_modules_are_not_importable PASSED [ 49%]
tests/test_onboarding_visual_contract.py::test_onboarding_actions_are_disabled_until_terms_are_accepted PASSED [ 49%]
tests/test_onboarding_visual_contract.py::test_onboarding_name_error_copy_matches_mockup PASSED [ 49%]
tests/test_onboarding_visual_contract.py::test_onboarding_narrow_520_default_size PASSED [ 50%]
tests/test_onboarding_visual_contract.py::test_onboarding_consent_card_uses_legal_disclaimer_text PASSED [ 50%]
tests/test_onboarding_visual_contract.py::test_onboarding_compact_visual_contract_keeps_consent_integrated PASSED [ 50%]
tests/test_ra1_actividades_energia_retirado.py::test_activacion_schema_permite_energia_null PASSED [ 51%]
tests/test_ra1_actividades_energia_retirado.py::test_activacion_schema_sigue_validando_energia_en_rango PASSED [ 51%]
tests/test_ra1_actividades_energia_retirado.py::test_activacion_schema_rechaza_animo_null PASSED [ 51%]
tests/test_ra1_actividades_energia_retirado.py::test_migracion_activacion_energia_null_es_idempotente PASSED [ 52%]
tests/test_ra1_actividades_energia_retirado.py::test_register_result_no_persiste_energia PASSED [ 52%]
tests/test_ra1_actividades_energia_retirado.py::test_register_result_persiste_animo_real PASSED [ 52%]
tests/test_ra1_actividades_energia_retirado.py::test_register_result_no_rompe_para_diferentes_resultados PASSED [ 53%]
tests/test_ra1_actividades_energia_retirado.py::test_register_result_no_menciona_energia_en_insert PASSED [ 53%]
tests/test_ra1_actividades_energia_retirado.py::test_exportar_activacion_no_envia_energia PASSED [ 53%]
tests/test_ra1_actividades_energia_retirado.py::test_fetch_patient_data_no_pide_energia PASSED [ 53%]
tests/test_ra1_actividades_energia_retirado.py::test_migracion_activacion_energia_null_existe_en_db_py PASSED [ 54%]
tests/test_ra1_actividades_energia_retirado.py::test_create_table_activacion_permite_null_en_db_py PASSED [ 54%]
tests/test_ra1_actividades_energia_retirado.py::test_supabase_schema_energia_es_nullable PASSED [ 54%]
tests/test_ra2_timer_categoria_real.py::test_preset_from_row_devuelve_4_tuple_con_categoria_separada PASSED [ 55%]
tests/test_ra2_timer_categoria_real.py::test_preset_from_row_no_usa_categoria_como_fallback_de_description PASSED [ 55%]
tests/test_ra2_timer_categoria_real.py::test_preset_from_row_categoria_vacia_si_no_esta_en_payload PASSED [ 55%]
tests/test_ra2_timer_categoria_real.py::test_preset_from_row_signature_es_4_tuple PASSED [ 56%]
tests/test_ra2_timer_categoria_real.py::test_preset_from_row_no_mezcla_categoria_en_description PASSED [ 56%]
tests/test_ra2_timer_categoria_real.py::test_load_presets_devuelve_4_tuple PASSED [ 56%]
tests/test_ra2_timer_categoria_real.py::test_select_preset_recibe_categoria PASSED [ 57%]
tests/test_ra2_timer_categoria_real.py::test_save_session_no_hardcodea_timer PASSED [ 57%]
tests/test_ra2_timer_categoria_real.py::test_save_session_persiste_categoria_real_del_preset PASSED [ 57%]
tests/test_ra2_timer_categoria_real.py::test_select_preset_actualiza_current_categoria PASSED [ 58%]
tests/test_ra2_timer_categoria_real.py::test_save_session_categoria_vacia_si_no_hay_preset PASSED [ 58%]
tests/test_ra2_timer_categoria_real.py::test_save_session_no_rompe_para_multiples_sesiones PASSED [ 58%]
tests/test_ra2_timer_categoria_real.py::test_flujo_completo_payload_a_insert PASSED [ 59%]
tests/test_ra5_dbt_skill_version_canonico.py::test_start_practice_cachea_skill_version PASSED [ 59%]
tests/test_ra5_dbt_skill_version_canonico.py::test_insert_usa_current_skill_version_no_hardcodea_1 PASSED [ 59%]
tests/test_ra5_dbt_skill_version_canonico.py::test_dbt_skills_todas_tienen_version PASSED [ 60%]
tests/test_ra5_dbt_skill_version_canonico.py::test_skill_version_2_se_persiste_real PASSED [ 60%]
tests/test_ra5_dbt_skill_version_canonico.py::test_skill_version_1_se_persiste_para_skills_reales PASSED [ 60%]
tests/test_ra5_dbt_skill_version_canonico.py::test_skill_version_se_actualiza_al_cambiar_skill PASSED [ 60%]
tests/test_ra6_reflexion_ia_retirado.py::test_fetch_patient_data_no_pide_reflexion_ia PASSED [ 61%]
tests/test_ra6_reflexion_ia_retirado.py::test_exportar_pensamientos_no_envia_reflexion_ia PASSED [ 61%]
tests/test_ra6_reflexion_ia_retirado.py::test_columna_fisica_se_conserva_en_sqlite PASSED [ 61%]
tests/test_ra6_reflexion_ia_retirado.py::test_columna_fisica_se_conserva_en_supabase PASSED [ 62%]
tests/test_rb1_generar_asignacion_nombre.py::test_timer_tab_autofill_pasa_nombre_real PASSED [ 62%]
tests/test_rb1_generar_asignacion_nombre.py::test_recordatorios_tab_autofill_pasa_nombre_real PASSED [ 62%]
tests/test_rb1_generar_asignacion_nombre.py::test_rutina_tab_autofill_pasa_nombre_real PASSED [ 63%]
tests/test_rb2_metricas_fantasma_dashboard.py::test_module_ring_stores_unknown_pct PASSED [ 63%]
tests/test_rb2_metricas_fantasma_dashboard.py::test_module_ring_set_pct_can_restore_unknown PASSED [ 63%]
tests/test_rb2_metricas_fantasma_dashboard.py::test_module_ring_clamps_negative_pct PASSED [ 64%]
tests/test_rb2_metricas_fantasma_dashboard.py::test_module_ring_clamps_above_one_pct PASSED [ 64%]
tests/test_rb2_metricas_fantasma_dashboard.py::test_module_ring_paint_unknown_draws_dash_label PASSED [ 64%]
tests/test_rb2_metricas_fantasma_dashboard.py::test_module_ring_paint_unknown_skips_progress_arc PASSED [ 65%]
tests/test_rb2_metricas_fantasma_dashboard.py::test_module_ring_paint_numeric_draws_percent_and_arc PASSED [ 65%]
tests/test_rb2_metricas_fantasma_dashboard.py::test_patient_row_premium_passes_unknown_pct_to_ring PASSED [ 65%]
tests/test_rb2_metricas_fantasma_dashboard.py::test_pacientes_view_uses_real_adherence_only PASSED [ 66%]
tests/test_rb2_metricas_fantasma_dashboard.py::test_pacientes_view_hides_unlink_action_on_partial_rows PASSED [ 66%]
tests/test_rb3_telemetria_avisos_disparados.py::test_fetch_patient_data_consulta_reminder_logs PASSED [ 66%]
tests/test_rb3_telemetria_avisos_disparados.py::test_fetch_patient_data_avisos_disparados_selecciona_columnas_reales PASSED [ 66%]
tests/test_rb3_telemetria_avisos_disparados.py::test_fetch_patient_data_avisos_disparados_filtra_por_patient_id PASSED [ 67%]
tests/test_rb3_telemetria_avisos_disparados.py::test_fetch_patient_data_avisos_disparados_tiene_limite_50 PASSED [ 67%]
tests/test_rb3_telemetria_avisos_disparados.py::test_fetch_patient_data_no_confunde_reminder_logs_con_assigned_reminders PASSED [ 67%]
tests/test_rb3_telemetria_avisos_disparados.py::test_fetch_patient_data_devuelve_key_avisos_disparados_poblada PASSED [ 68%]
tests/test_rb4_rb6_avisos_estado_sync.py::test_completar_aviso_persiste_inactivo_y_timestamp PASSED [ 68%]
tests/test_rb4_rb6_avisos_estado_sync.py::test_on_completar_dispara_sync_inmediato_si_guardo PASSED [ 68%]
tests/test_rb4_rb6_avisos_estado_sync.py::test_on_completar_no_propaga_error_de_sync PASSED [ 69%]
tests/test_rb4_rb6_avisos_estado_sync.py::test_exportar_recordatorios_estado_actualiza_completado_en_sin_upsert PASSED [ 69%]
tests/test_rb4_rb6_avisos_estado_sync.py::test_importar_recordatorios_asignados_respeta_completado_hoy PASSED [ 69%]
tests/test_rb4_rb6_avisos_estado_sync.py::test_importar_recordatorios_asignados_reactiva_completado_viejo PASSED [ 70%]
tests/test_rb4_rb6_avisos_estado_sync.py::test_importar_recordatorios_asignados_preserva_completado_local_pendiente PASSED [ 70%]
tests/test_rb5_actividades_sync_inmediato.py::test_register_result_dispara_sync_inmediato PASSED [ 70%]
tests/test_rb5_actividades_sync_inmediato.py::test_register_result_persiste_y_sincroniza PASSED [ 71%]
tests/test_rb5_actividades_sync_inmediato.py::test_sync_no_bloquea_si_falla PASSED [ 71%]
tests/test_rb7_pdf_consistency.py::test_pdf_sections_use_fetch_patient_data_keys PASSED [ 71%]
tests/test_rb7_pdf_consistency.py::test_generar_pdf_renderiza_secciones_reales PASSED [ 72%]
tests/test_rb7_pdf_consistency.py::test_detalle_paciente_view_tiene_boton_exportar_pdf PASSED [ 72%]
tests/test_rb7_pdf_consistency.py::test_on_exportar_pdf_llama_exportador_con_datos_del_paciente PASSED [ 72%]
tests/test_rb7_pdf_consistency.py::test_fetch_patient_data_recordatorios_trae_campos_pdf PASSED [ 73%]
tests/test_rc1_resumen_ia_contexto_clinico.py::test_generar_resumen_paciente_incluye_hasta_cinco_registros_recientes PASSED [ 73%]
tests/test_rc1_resumen_ia_contexto_clinico.py::test_generar_resumen_paciente_trunca_textos_largos PASSED [ 73%]
tests/test_rc1_resumen_ia_contexto_clinico.py::test_generar_resumen_paciente_excluye_campos_sensibles PASSED [ 73%]
tests/test_rc1_resumen_ia_contexto_clinico.py::test_generar_resumen_paciente_controla_tamano_total_del_prompt PASSED [ 74%]
tests/test_rc2_fetch_patient_data_window.py::test_fetch_patient_data_aplica_gte_fecha_30_dias PASSED [ 74%]
tests/test_rc2_fetch_patient_data_window.py::test_fetch_patient_data_no_aplica_gte_a_assigned_reminders PASSED [ 74%]
tests/test_rc3_limit_assigned_reminders.py::test_fetch_patient_data_aplica_limit_50_a_assigned_reminders PASSED [ 75%]
tests/test_rc3_limit_assigned_reminders.py::test_fetch_patient_data_assigned_reminders_ordena_por_hora_asc PASSED [ 75%]
tests/test_rc3_limit_assigned_reminders.py::test_fetch_patient_data_assigned_reminders_filtra_por_patient_id PASSED [ 75%]
tests/test_rc3_limit_assigned_reminders.py::test_fetch_patient_data_assigned_reminders_no_es_ilimitado PASSED [ 76%]
tests/test_rd1_aislar_exportadores_sync.py::test_sync_completo_continua_tras_fallo_del_primer_exportador PASSED [ 76%]
tests/test_rd1_aislar_exportadores_sync.py::test_sync_completo_continua_tras_fallo_intermedio PASSED [ 76%]
tests/test_rd1_aislar_exportadores_sync.py::test_sync_completo_multiples_exportadores_fallan PASSED [ 77%]
tests/test_rd1_aislar_exportadores_sync.py::test_sync_completo_no_loggea_errores_si_todos_ok PASSED [ 77%]
tests/test_rd1_aislar_exportadores_sync.py::test_sync_inmediato_continua_tras_fallo_de_exportador PASSED [ 77%]
tests/test_rd1_aislar_exportadores_sync.py::test_sync_inmediato_no_rompe_si_primer_exportador_falla PASSED [ 78%]
tests/test_rd1_aislar_exportadores_sync.py::test_orden_canonico_de_exportadores_constante PASSED [ 78%]
tests/test_rd1_aislar_exportadores_sync.py::test_todos_los_exportadores_estan_en_pipeline PASSED [ 78%]
tests/test_rd1_aislar_exportadores_sync.py::test_exportadores_apuntan_a_funcion_correcta PASSED [ 79%]
tests/test_re1_drop_dead_sqlite_tables.py::test_re1_dead_tables_no_se_crean_en_db_nueva PASSED [ 79%]
tests/test_re1_drop_dead_sqlite_tables.py::test_re1_dead_tables_se_eliminan_de_db_existente PASSED [ 79%]
tests/test_registro_tcc_visual_contract.py::test_registro_tcc_stepper_otro_and_final_cta_match_mockup PASSED [ 80%]
tests/test_registro_tcc_visual_contract.py::test_registro_tcc_response_cta_stays_inside_card_after_mouse_navigation PASSED [ 80%]
tests/test_registro_tcc_visual_contract.py::test_registro_tcc_distortion_and_tip_tones_match_mockup PASSED [ 80%]
tests/test_registro_tcc_visual_contract.py::test_registro_tcc_visual_source_uses_mockup_rose_and_gold PASSED [ 80%]
tests/test_registro_tcc_visual_contract.py::test_registro_tcc_stepper_widget_has_4_steps_and_titles_match PASSED [ 81%]
tests/test_registro_tcc_visual_contract.py::test_registro_tcc_emotion_tiles_separate_icon_label_and_selected_state PASSED [ 81%]
tests/test_registro_tcc_visual_contract.py::test_registro_tcc_step_title_uses_serif_source PASSED [ 81%]
tests/test_respiracion_visual_contract.py::test_respiracion_matches_mockup_idle_contract PASSED [ 82%]
tests/test_respiracion_visual_contract.py::test_respiracion_breath_circle_is_248px PASSED [ 82%]
tests/test_respiracion_visual_contract.py::test_respiracion_play_control_icons_follow_runtime_state PASSED [ 82%]
tests/test_rutina_visual_contract.py::test_rutina_sections_and_rings_match_mockup PASSED [ 83%]
tests/test_rutina_visual_contract.py::test_rutina_add_done_and_empty_states_match_mockup PASSED [ 83%]
tests/test_s0_1_fetch_patient_data.py::test_fetch_patient_data_uses_real_table_names PASSED [ 83%]
tests/test_s0_1_fetch_patient_data.py::test_fetch_patient_data_returns_data_for_all_8_modules PASSED [ 84%]
tests/test_s0_1_fetch_patient_data.py::test_fetch_patient_data_includes_textual_fields PASSED [ 84%]
tests/test_s0_1_fetch_patient_data.py::test_fetch_patient_data_handles_missing_supabase_gracefully PASSED [ 84%]
tests/test_s0_1_fetch_patient_data.py::test_fetch_patient_data_logs_on_table_error PASSED [ 85%]
tests/test_s0_2_bis_animo_no_persiste_campos_sin_captura.py::test_registrar_no_persiste_emocion PASSED [ 85%]
tests/test_s0_2_bis_animo_no_persiste_campos_sin_captura.py::test_registrar_no_persiste_valencia PASSED [ 85%]
tests/test_s0_2_bis_animo_no_persiste_campos_sin_captura.py::test_registrar_no_persiste_intensidad PASSED [ 86%]
tests/test_s0_2_bis_animo_no_persiste_campos_sin_captura.py::test_registrar_persiste_puntaje_y_nota PASSED [ 86%]
tests/test_s0_2_bis_animo_no_persiste_campos_sin_captura.py::test_registrar_no_rompe_para_todos_los_niveles PASSED [ 86%]
tests/test_s0_2_bis_animo_no_persiste_campos_sin_captura.py::test_registrar_insert_no_menciona_emocion_valencia_intensidad PASSED [ 86%]
tests/test_s0_2_bis_animo_no_persiste_campos_sin_captura.py::test_exportar_animo_no_envia_campos_sin_captura PASSED [ 87%]
tests/test_s0_2_bis_animo_no_persiste_campos_sin_captura.py::test_fetch_patient_data_no_pide_campos_sin_captura PASSED [ 87%]
tests/test_s0_2_bis_animo_no_persiste_campos_sin_captura.py::test_backfill_legacy_eliminado_de_db_py PASSED [ 87%]
tests/test_s0_2_bis_animo_no_persiste_campos_sin_captura.py::test_termometro_schema_permite_insert_minimo PASSED [ 88%]
tests/test_suite_text_catalog.py::test_suite_text_catalog_contract PASSED [ 88%]
tests/test_suite_text_catalog.py::test_suite_text_catalog_has_required_surface_sections PASSED [ 88%]
tests/test_tcc_otro_placeholder.py::test_input_otro_placeholder_vacio_al_seleccionar PASSED [ 89%]
tests/test_tcc_otro_placeholder.py::test_input_otro_emocion_se_actualiza_al_tipear PASSED [ 89%]
tests/test_tcc_otro_placeholder.py::test_input_otro_no_settext_como_contenido PASSED [ 89%]
tests/test_tcc_persistencia.py::test_qa_desactivado_en_tests PASSED      [ 90%]
tests/test_tcc_persistencia.py::test_persistencia_real PASSED            [ 90%]
tests/test_tcc_persistencia.py::test_intensidad_default_5_persiste PASSED [ 90%]
tests/test_tcc_persistencia.py::test_intensidad_constraint_rollback PASSED [ 91%]
tests/test_tcc_persistencia.py::test_error_db_propaga PASSED             [ 91%]
tests/test_tcc_persistencia.py::test_nm_data_db_no_tocado PASSED         [ 91%]
tests/test_timer_visual_contract.py::test_timer_idle_chips_and_status_badge_match_mockup PASSED [ 92%]
tests/test_timer_visual_contract.py::test_timer_focus_arc_size_and_num_match_mockup PASSED [ 92%]
tests/test_timer_visual_contract.py::test_timer_duration_mode_and_pause_state_stay_in_sync PASSED [ 92%]
tests/test_token_parity.py::test_design_tokens_palette_adapters_follow_runtime_tokens PASSED [ 93%]
tests/test_token_parity.py::test_design_tokens_structural_scales_reuse_runtime_tokens PASSED [ 93%]
tests/test_token_parity.py::test_design_tokens_layout_aliases_follow_runtime_layout PASSED [ 93%]
tests/test_token_parity.py::test_theme_qt_reexports_runtime_token_objects PASSED [ 93%]
tests/test_token_parity.py::test_runtime_tokens_are_mockup_adn_values PASSED [ 94%]
tests/test_token_parity.py::test_qss_generators_use_mockup_control_contract PASSED [ 94%]
tests/test_token_parity.py::test_visual_density_contract_keeps_hub_compact_and_scoped PASSED [ 94%]
tests/test_utils.py::TestFechaHoy::test_formato_iso PASSED               [ 95%]
tests/test_utils.py::TestFechaHoy::test_no_explota PASSED                [ 95%]
tests/test_utils.py::TestHoraActual::test_formato_hora PASSED            [ 95%]
tests/test_utils.py::TestHoraActual::test_no_explota PASSED              [ 96%]
tests/test_utils.py::TestFechaLegible::test_fecha_valida PASSED          [ 96%]
tests/test_utils.py::TestFechaLegible::test_fecha_invalida PASSED        [ 96%]
tests/test_utils.py::TestFechaLegible::test_fecha_vacia PASSED           [ 97%]
tests/test_utils.py::TestColorPorPuntajeExacto::test_rango_valido_0_10 PASSED [ 97%]
tests/test_utils.py::TestColorPorPuntajeExacto::test_clamp_bajo PASSED   [ 97%]
tests/test_utils.py::TestColorPorPuntajeExacto::test_clamp_alto PASSED   [ 98%]
tests/test_utils.py::TestColorPorPuntajeExacto::test_puntaje_1_no_es_igual_a_10 PASSED [ 98%]
tests/test_utils.py::TestColorPorPuntaje::test_delega_en_exacto_dark PASSED [ 98%]
tests/test_utils.py::TestColorPorPuntaje::test_delega_en_exacto_light PASSED [ 99%]
tests/test_utils.py::TestColorPorPuntaje::test_default_mode PASSED       [ 99%]
tests/test_utils.py::TestGetWeeklySeries::test_devuelve_tuplas_de_7 PASSED [ 99%]
tests/test_utils.py::TestGetWeeklySeries::test_elementos_son_float_o_none PASSED [100%]

======================= 315 passed in 791.05s (0:13:11) =======================
